c:\users\maeka\onedrive\デスクトップ\実践プログラム\インターンテスト用\イベントシステム\eventsystem\x64\debug\vc143.pdb
c:\users\maeka\onedrive\デスクトップ\実践プログラム\インターンテスト用\イベントシステム\eventsystem\x64\debug\vc143.idb
c:\users\maeka\onedrive\デスクトップ\実践プログラム\インターンテスト用\イベントシステム\eventsystem\x64\debug\templateclass.obj
c:\users\maeka\onedrive\デスクトップ\実践プログラム\インターンテスト用\イベントシステム\eventsystem\x64\debug\event.obj
c:\users\maeka\onedrive\デスクトップ\実践プログラム\インターンテスト用\イベントシステム\eventsystem\x64\debug\variabletemplateclass.obj
c:\users\maeka\onedrive\デスクトップ\実践プログラム\インターンテスト用\イベントシステム\eventsystem\x64\debug\eventsystem.exe
c:\users\maeka\onedrive\デスクトップ\実践プログラム\インターンテスト用\イベントシステム\eventsystem\x64\debug\eventsystem.ilk
c:\users\maeka\onedrive\デスクトップ\実践プログラム\インターンテスト用\イベントシステム\eventsystem\x64\debug\eventsystem.pdb
c:\users\maeka\onedrive\デスクトップ\実践プログラム\インターンテスト用\イベントシステム\eventsystem\x64\debug\eventsystem.tlog\cl.command.1.tlog
c:\users\maeka\onedrive\デスクトップ\実践プログラム\インターンテスト用\イベントシステム\eventsystem\x64\debug\eventsystem.tlog\cl.read.1.tlog
c:\users\maeka\onedrive\デスクトップ\実践プログラム\インターンテスト用\イベントシステム\eventsystem\x64\debug\eventsystem.tlog\cl.write.1.tlog
c:\users\maeka\onedrive\デスクトップ\実践プログラム\インターンテスト用\イベントシステム\eventsystem\x64\debug\eventsystem.tlog\link.30116-cvtres.read.1.tlog
c:\users\maeka\onedrive\デスクトップ\実践プログラム\インターンテスト用\イベントシステム\eventsystem\x64\debug\eventsystem.tlog\link.30116-cvtres.write.1.tlog
c:\users\maeka\onedrive\デスクトップ\実践プログラム\インターンテスト用\イベントシステム\eventsystem\x64\debug\eventsystem.tlog\link.30116-rc.read.1.tlog
c:\users\maeka\onedrive\デスクトップ\実践プログラム\インターンテスト用\イベントシステム\eventsystem\x64\debug\eventsystem.tlog\link.30116-rc.write.1.tlog
c:\users\maeka\onedrive\デスクトップ\実践プログラム\インターンテスト用\イベントシステム\eventsystem\x64\debug\eventsystem.tlog\link.30116.read.1.tlog
c:\users\maeka\onedrive\デスクトップ\実践プログラム\インターンテスト用\イベントシステム\eventsystem\x64\debug\eventsystem.tlog\link.30116.read.2.tlog
c:\users\maeka\onedrive\デスクトップ\実践プログラム\インターンテスト用\イベントシステム\eventsystem\x64\debug\eventsystem.tlog\link.30116.write.1.tlog
c:\users\maeka\onedrive\デスクトップ\実践プログラム\インターンテスト用\イベントシステム\eventsystem\x64\debug\eventsystem.tlog\link.command.1.tlog
c:\users\maeka\onedrive\デスクトップ\実践プログラム\インターンテスト用\イベントシステム\eventsystem\x64\debug\eventsystem.tlog\link.read.1.tlog
c:\users\maeka\onedrive\デスクトップ\実践プログラム\インターンテスト用\イベントシステム\eventsystem\x64\debug\eventsystem.tlog\link.write.1.tlog
